#
# There is insufficient memory for the Java Runtime Environment to continue.
# Native memory allocation (malloc) failed to allocate 1464080 bytes for Chunk::new
# Possible reasons:
#   The system is out of physical RAM or swap space
#   The process is running with CompressedOops enabled, and the Java Heap may be blocking the growth of the native heap
# Possible solutions:
#   Reduce memory load on the system
#   Increase physical memory or swap space
#   Check if swap backing store is full
#   Decrease Java heap size (-Xmx/-Xms)
#   Decrease number of Java threads
#   Decrease Java thread stack sizes (-Xss)
#   Set larger code cache with -XX:ReservedCodeCacheSize=
#   JVM is running with Unscaled Compressed Oops mode in which the Java heap is
#     placed in the first 4GB address space. The Java Heap base address is the
#     maximum limit for the native heap growth. Please use -XX:HeapBaseMinAddress
#     to set the Java Heap base and to place the Java Heap above 4GB virtual address.
# This output file may be truncated or incomplete.
#
#  Out of Memory Error (allocation.cpp:389), pid=11644, tid=0x00000000000039d8
#
# JRE version: OpenJDK Runtime Environment (8.0_202-b03) (build 1.8.0_202-release-1483-b03)
# Java VM: OpenJDK 64-Bit Server VM (25.202-b03 mixed mode windows-amd64 compressed oops)
# Failed to write core dump. Minidumps are not enabled by default on client versions of Windows
#

---------------  T H R E A D  ---------------

Current thread (0x0000000018553000):  JavaThread "C2 CompilerThread2" daemon [_thread_in_native, id=14808, stack(0x0000000018fe0000,0x00000000190e0000)]

Stack: [0x0000000018fe0000,0x00000000190e0000]
[error occurred during error reporting (printing stack bounds), id 0xc0000005]

Native frames: (J=compiled Java code, j=interpreted, Vv=VM code, C=native code)


Current CompileTask:
C2:13344251 30630 %     4       com.android.tools.r8.ir.regalloc.LinearScanRegisterAllocator::a @ 293 (972 bytes)


---------------  P R O C E S S  ---------------

Java Threads: ( => current thread )
  0x000000001efba800 JavaThread "WorkerExecutor Queue Thread 10" [_thread_blocked, id=12304, stack(0x000000002f900000,0x000000002fa00000)]
  0x000000001efc1800 JavaThread "WorkerExecutor Queue Thread 9" [_thread_blocked, id=15192, stack(0x000000002de30000,0x000000002df30000)]
  0x000000001efb9000 JavaThread "stdout" [_thread_in_native, id=6764, stack(0x000000002e630000,0x000000002e730000)]
  0x000000001efb8800 JavaThread "stderr" [_thread_in_native, id=8196, stack(0x000000002e530000,0x000000002e630000)]
  0x000000001efba000 JavaThread "stdout" [_thread_in_native, id=8856, stack(0x000000002e430000,0x000000002e530000)]
  0x000000001efb7800 JavaThread "stderr" [_thread_in_native, id=2516, stack(0x000000002e330000,0x000000002e430000)]
  0x000000001b479800 JavaThread "stdout" [_thread_in_native, id=13980, stack(0x000000002e230000,0x000000002e330000)]
  0x000000001b477000 JavaThread "stderr" [_thread_in_native, id=7432, stack(0x000000002e130000,0x000000002e230000)]
  0x000000001b478000 JavaThread "stdout" [_thread_in_native, id=14208, stack(0x000000002e030000,0x000000002e130000)]
  0x000000001b478800 JavaThread "stderr" [_thread_in_native, id=15608, stack(0x000000002df30000,0x000000002e030000)]
  0x000000001b47b800 JavaThread "stdout" [_thread_in_native, id=7216, stack(0x000000002dd30000,0x000000002de30000)]
  0x000000001b475800 JavaThread "stderr" [_thread_in_native, id=12080, stack(0x000000002d910000,0x000000002da10000)]
  0x000000001b47b000 JavaThread "WorkerExecutor Queue Thread 7" [_thread_blocked, id=14148, stack(0x000000002dc30000,0x000000002dd30000)]
  0x000000001b47a000 JavaThread "stdout" [_thread_in_native, id=1168, stack(0x000000002db30000,0x000000002dc30000)]
  0x000000001b475000 JavaThread "stderr" [_thread_in_native, id=5808, stack(0x000000002da30000,0x000000002db30000)]
  0x0000000019665800 JavaThread "stdout" [_thread_in_native, id=12456, stack(0x000000002d810000,0x000000002d910000)]
  0x0000000019669000 JavaThread "stderr" [_thread_in_native, id=9452, stack(0x000000002d710000,0x000000002d810000)]
  0x0000000019664000 JavaThread "WorkerExecutor Queue Thread 6" [_thread_blocked, id=13288, stack(0x000000002d610000,0x000000002d710000)]
  0x000000001b0cd800 JavaThread "WorkerExecutor Queue Thread 5" [_thread_blocked, id=14392, stack(0x000000002d510000,0x000000002d610000)]
  0x000000001b0cb800 JavaThread "pool-53-thread-1" [_thread_blocked, id=7544, stack(0x000000002d410000,0x000000002d510000)]
  0x000000001b0ca800 JavaThread "WorkerExecutor Queue Thread 4" [_thread_blocked, id=15976, stack(0x000000002d1a0000,0x000000002d2a0000)]
  0x000000001b0ca000 JavaThread "WorkerExecutor Queue Thread 3" [_thread_blocked, id=15800, stack(0x000000002d0a0000,0x000000002d1a0000)]
  0x000000001b0cf000 JavaThread "WorkerExecutor Queue Thread 2" [_thread_blocked, id=4932, stack(0x000000002cfa0000,0x000000002d0a0000)]
  0x000000001b256800 JavaThread "WorkerExecutor Queue" [_thread_blocked, id=14980, stack(0x000000002c790000,0x000000002c890000)]
  0x000000001b258000 JavaThread "Cache worker for execution history cache (C:\Users\Kaharman\AndroidStudioProjects\TestThousandCompany\.gradle\5.4.1\executionHistory)" [_thread_blocked, id=684, stack(0x000000002d310000,0x000000002d410000)]
  0x000000001b24f800 JavaThread "Execution worker for ':' Thread 7" [_thread_blocked, id=7620, stack(0x000000002cea0000,0x000000002cfa0000)]
  0x000000001b255000 JavaThread "Execution worker for ':' Thread 6" [_thread_blocked, id=12012, stack(0x000000002cda0000,0x000000002cea0000)]
  0x000000001b24f000 JavaThread "Execution worker for ':' Thread 5" [_thread_blocked, id=11816, stack(0x000000002cca0000,0x000000002cda0000)]
  0x000000001b24b000 JavaThread "Execution worker for ':' Thread 4" [_thread_blocked, id=14832, stack(0x000000002cba0000,0x000000002cca0000)]
  0x000000001b24c000 JavaThread "Execution worker for ':' Thread 3" [_thread_blocked, id=16052, stack(0x000000002caa0000,0x000000002cba0000)]
  0x000000001b24c800 JavaThread "Execution worker for ':' Thread 2" [_thread_in_Java, id=13428, stack(0x000000002c9a0000,0x000000002caa0000)]
  0x000000001f32b000 JavaThread "Execution worker for ':'" [_thread_blocked, id=4700, stack(0x000000002c8a0000,0x000000002c9a0000)]
  0x000000001f32a800 JavaThread "Cache worker for file content cache (C:\Users\Kaharman\AndroidStudioProjects\TestThousandCompany\.gradle\5.4.1\fileContent)" [_thread_blocked, id=14100, stack(0x000000002c690000,0x000000002c790000)]
  0x000000001f327800 JavaThread "Cache worker for Build Output Cleanup Cache (C:\Users\Kaharman\AndroidStudioProjects\TestThousandCompany\.gradle\buildOutputCleanup)" [_thread_blocked, id=13524, stack(0x0000000028fa0000,0x00000000290a0000)]
  0x000000001f326800 JavaThread "Build operations Thread 8" [_thread_blocked, id=1100, stack(0x0000000028c30000,0x0000000028d30000)]
  0x000000001f31f000 JavaThread "Build operations Thread 7" [_thread_blocked, id=812, stack(0x0000000026220000,0x0000000026320000)]
  0x000000001f325000 JavaThread "Build operations Thread 6" [_thread_blocked, id=1960, stack(0x0000000025d20000,0x0000000025e20000)]
  0x000000001f326000 JavaThread "Build operations Thread 5" [_thread_blocked, id=16304, stack(0x0000000024bd0000,0x0000000024cd0000)]
  0x000000001f31d800 JavaThread "Build operations Thread 4" [_thread_blocked, id=11608, stack(0x00000000247d0000,0x00000000248d0000)]
  0x000000001f320800 JavaThread "Build operations Thread 3" [_thread_blocked, id=4992, stack(0x0000000024380000,0x0000000024480000)]
  0x000000001f320000 JavaThread "Build operations Thread 2" [_thread_blocked, id=9132, stack(0x0000000022d80000,0x0000000022e80000)]
  0x000000001f321800 JavaThread "Build operations" [_thread_blocked, id=13652, stack(0x0000000022c80000,0x0000000022d80000)]
  0x000000001f324800 JavaThread "Cache worker for cache directory md-rule (C:\Users\Kaharman\.gradle\caches\5.4.1\md-rule)" [_thread_blocked, id=672, stack(0x0000000022980000,0x0000000022a80000)]
  0x0000000021290800 JavaThread "Cache worker for cache directory md-supplier (C:\Users\Kaharman\.gradle\caches\5.4.1\md-supplier)" [_thread_blocked, id=11448, stack(0x0000000021f40000,0x0000000022040000)]
  0x000000002128f800 JavaThread "Cache worker for file hash cache (C:\Users\Kaharman\AndroidStudioProjects\TestThousandCompany\.gradle\5.4.1\fileHashes)" [_thread_blocked, id=8748, stack(0x000000001fbb0000,0x000000001fcb0000)]
  0x000000002128a800 JavaThread "Thread-926" [_thread_blocked, id=9056, stack(0x000000001f4b0000,0x000000001f5b0000)]
  0x000000002128f000 JavaThread "Stdin handler" [_thread_blocked, id=4548, stack(0x000000001cd10000,0x000000001ce10000)]
  0x0000000021286800 JavaThread "Asynchronous log dispatcher for DefaultDaemonConnection: socket connection from /127.0.0.1:58702 to /127.0.0.1:64479" [_thread_blocked, id=15560, stack(0x000000001c610000,0x000000001c710000)]
  0x000000002128c000 JavaThread "Daemon worker Thread 19" [_thread_blocked, id=3640, stack(0x000000001c510000,0x000000001c610000)]
  0x0000000021289800 JavaThread "Cancel handler" [_thread_blocked, id=12904, stack(0x0000000002580000,0x0000000002680000)]
  0x0000000021288000 JavaThread "Handler for socket connection from /127.0.0.1:58702 to /127.0.0.1:64479" [_thread_in_native, id=12124, stack(0x0000000000b50000,0x0000000000c50000)]
  0x000000002128d800 JavaThread "Daemon Thread 20" [_thread_blocked, id=11488, stack(0x0000000000a50000,0x0000000000b50000)]
  0x000000001b251000 JavaThread "Cache worker for Java compile cache (C:\Users\Kaharman\.gradle\caches\5.4.1\javaCompile)" [_thread_blocked, id=4892, stack(0x0000000025c20000,0x0000000025d20000)]
  0x000000002128e000 JavaThread "Cache worker for file content cache (C:\Users\Kaharman\.gradle\caches\5.4.1\fileContent)" [_thread_blocked, id=8204, stack(0x00000000246d0000,0x00000000247d0000)]
  0x0000000021292800 JavaThread "Memory manager" [_thread_blocked, id=15580, stack(0x0000000023e80000,0x0000000023f80000)]
  0x0000000021287800 JavaThread "Cache worker for execution history cache (C:\Users\Kaharman\.gradle\caches\5.4.1\executionHistory)" [_thread_blocked, id=9580, stack(0x0000000022040000,0x0000000022140000)]
  0x0000000019666000 JavaThread "Cache worker for journal cache (C:\Users\Kaharman\.gradle\caches\journal-1)" [_thread_blocked, id=7636, stack(0x000000001d010000,0x000000001d110000)]
  0x0000000019668800 JavaThread "File lock request listener" [_thread_in_native, id=8256, stack(0x000000001cf10000,0x000000001d010000)]
  0x000000001966a000 JavaThread "Cache worker for file hash cache (C:\Users\Kaharman\.gradle\caches\5.4.1\fileHashes)" [_thread_blocked, id=1080, stack(0x000000001ce10000,0x000000001cf10000)]
  0x000000001ad16800 JavaThread "Daemon periodic checks" [_thread_blocked, id=8804, stack(0x000000001c410000,0x000000001c510000)]
  0x0000000019f56000 JavaThread "Incoming local TCP Connector on port 58702" [_thread_in_native, id=11180, stack(0x000000001c1c0000,0x000000001c2c0000)]
  0x000000001a893800 JavaThread "Daemon health stats" [_thread_blocked, id=6572, stack(0x000000001bb80000,0x000000001bc80000)]
  0x0000000018566000 JavaThread "Service Thread" daemon [_thread_blocked, id=16248, stack(0x00000000191e0000,0x00000000192e0000)]
  0x000000001855b800 JavaThread "C1 CompilerThread3" daemon [_thread_in_vm, id=16176, stack(0x00000000190e0000,0x00000000191e0000)]
=>0x0000000018553000 JavaThread "C2 CompilerThread2" daemon [_thread_in_native, id=14808, stack(0x0000000018fe0000,0x00000000190e0000)]
  0x0000000018504000 JavaThread "C2 CompilerThread1" daemon [_thread_in_native, id=816, stack(0x0000000018ee0000,0x0000000018fe0000)]
  0x0000000018502000 JavaThread "C2 CompilerThread0" daemon [_thread_in_native, id=7640, stack(0x0000000018de0000,0x0000000018ee0000)]
  0x0000000018500000 JavaThread "Attach Listener" daemon [_thread_blocked, id=14924, stack(0x0000000018ce0000,0x0000000018de0000)]
  0x00000000184ff000 JavaThread "Signal Dispatcher" daemon [_thread_blocked, id=10408, stack(0x0000000018be0000,0x0000000018ce0000)]
  0x00000000166f2000 JavaThread "Finalizer" daemon [_thread_blocked, id=6716, stack(0x00000000189d0000,0x0000000018ad0000)]
  0x0000000002927800 JavaThread "Reference Handler" daemon [_thread_blocked, id=4888, stack(0x00000000188d0000,0x00000000189d0000)]
  0x0000000000cde800 JavaThread "main" [_thread_blocked, id=2076, stack(0x0000000002730000,0x0000000002830000)]

Other Threads:
  0x00000000166e7800 VMThread [stack: 0x00000000183d0000,0x00000000184d0000] [id=15604]
  0x0000000018567000 WatcherThread [stack: 0x00000000192e0000,0x00000000193e0000] [id=10716]

VM state:not at safepoint (normal execution)

VM Mutex/Monitor currently owned by a thread: None

heap address: 0x00000000a0000000, size: 1536 MB, Compressed Oops mode: 32-bit
Narrow klass base: 0x0000000000000000, Narrow klass shift: 3
Compressed class space size: 1073741824 Address: 0x0000000100000000

Heap:
 PSYoungGen      total 476160K, used 410027K [0x00000000e0000000, 0x0000000100000000, 0x0000000100000000)
  eden space 425984K, 90% used [0x00000000e0000000,0x00000000f7883e80,0x00000000fa000000)
  from space 50176K, 48% used [0x00000000fcf00000,0x00000000fe6e6fb0,0x0000000100000000)
  to   space 48128K, 0% used [0x00000000fa000000,0x00000000fa000000,0x00000000fcf00000)
 ParOldGen       total 219648K, used 76966K [0x00000000a0000000, 0x00000000ad680000, 0x00000000e0000000)
  object space 219648K, 35% used [0x00000000a0000000,0x00000000a4b29ae0,0x00000000ad680000)
 Metaspace       used 139136K, capacity 147442K, committed 148800K, reserved 1179648K
  class space    used 17583K, capacity 19083K, committed 19560K, reserved 1048576K

Card table byte_map: [0x0000000011cf0000,0x0000000012000000] byte_map_base: 0x00000000117f0000

Marking Bits: (ParMarkBitMap*) 0x00000000694a9f30
 Begin Bits: [0x0000000012a00000, 0x0000000014200000)
 End Bits:   [0x0000000014200000, 0x0000000015a00000)

Polling page: 0x0000000000860000

CodeCache: size=245760Kb used=86750Kb max_used=86821Kb free=159009Kb
 bounds [0x0000000002930000, 0x0000000007e90000, 0x0000000011930000]
 total_blobs=24746 nmethods=23860 adapters=795
 compilation: enabled

Compilation events (10 events):
Event: 13344.091 Thread 0x000000001855b800 30702       2       com.android.tools.r8.code.AddInt2Addr::<init> (7 bytes)
Event: 13344.092 Thread 0x000000001855b800 nmethod 30702 0x00000000030f2110 code [0x00000000030f2280, 0x00000000030f23e8]
Event: 13344.182 Thread 0x000000001855b800 30704       2       com.android.tools.r8.m.a.a.a.H::a (7 bytes)
Event: 13344.183 Thread 0x000000001855b800 nmethod 30704 0x0000000002e0ee50 code [0x0000000002e0efa0, 0x0000000002e0f0d0]
Event: 13344.188 Thread 0x0000000018504000 nmethod 30649% 0x0000000007e7a4d0 code [0x0000000007e7ab80, 0x0000000007e801f0]
Event: 13344.188 Thread 0x0000000018504000 30694       4       java.util.HashMap::put (13 bytes)
Event: 13344.199 Thread 0x0000000018504000 nmethod 30694 0x0000000002cd5850 code [0x0000000002cd5a00, 0x0000000002cd5f90]
Event: 13344.199 Thread 0x0000000018504000 30697       4       com.android.tools.r8.graph.w::j (280 bytes)
Event: 13344.218 Thread 0x000000001855b800 30705       2       com.android.tools.r8.m.a.a.a.T::a (2 bytes)
Event: 13344.218 Thread 0x000000001855b800 nmethod 30705 0x0000000003209ed0 code [0x000000000320a020, 0x000000000320a170]

GC Heap History (10 events):
Event: 11479.839 GC heap before
{Heap before GC invocations=29 (full 4):
 PSYoungGen      total 473088K, used 308254K [0x00000000e0000000, 0x0000000100000000, 0x0000000100000000)
  eden space 438272K, 62% used [0x00000000e0000000,0x00000000f0b0e958,0x00000000fac00000)
  from space 34816K, 99% used [0x00000000fde00000,0x00000000ffff9120,0x0000000100000000)
  to   space 43008K, 0% used [0x00000000fac00000,0x00000000fac00000,0x00000000fd600000)
 ParOldGen       total 175616K, used 67437K [0x00000000a0000000, 0x00000000aab80000, 0x00000000e0000000)
  object space 175616K, 38% used [0x00000000a0000000,0x00000000a41db400,0x00000000aab80000)
 Metaspace       used 138199K, capacity 147716K, committed 147776K, reserved 1177600K
  class space    used 17656K, capacity 19531K, committed 19560K, reserved 1048576K
Event: 11479.905 GC heap after
Heap after GC invocations=29 (full 4):
 PSYoungGen      total 481280K, used 43004K [0x00000000e0000000, 0x0000000100000000, 0x0000000100000000)
  eden space 438272K, 0% used [0x00000000e0000000,0x00000000e0000000,0x00000000fac00000)
  from space 43008K, 99% used [0x00000000fac00000,0x00000000fd5ff0d0,0x00000000fd600000)
  to   space 43008K, 0% used [0x00000000fd600000,0x00000000fd600000,0x0000000100000000)
 ParOldGen       total 175616K, used 73809K [0x00000000a0000000, 0x00000000aab80000, 0x00000000e0000000)
  object space 175616K, 42% used [0x00000000a0000000,0x00000000a48147d8,0x00000000aab80000)
 Metaspace       used 138199K, capacity 147716K, committed 147776K, reserved 1177600K
  class space    used 17656K, capacity 19531K, committed 19560K, reserved 1048576K
}
Event: 11479.905 GC heap before
{Heap before GC invocations=30 (full 5):
 PSYoungGen      total 481280K, used 43004K [0x00000000e0000000, 0x0000000100000000, 0x0000000100000000)
  eden space 438272K, 0% used [0x00000000e0000000,0x00000000e0000000,0x00000000fac00000)
  from space 43008K, 99% used [0x00000000fac00000,0x00000000fd5ff0d0,0x00000000fd600000)
  to   space 43008K, 0% used [0x00000000fd600000,0x00000000fd600000,0x0000000100000000)
 ParOldGen       total 175616K, used 73809K [0x00000000a0000000, 0x00000000aab80000, 0x00000000e0000000)
  object space 175616K, 42% used [0x00000000a0000000,0x00000000a48147d8,0x00000000aab80000)
 Metaspace       used 138199K, capacity 147716K, committed 147776K, reserved 1177600K
  class space    used 17656K, capacity 19531K, committed 19560K, reserved 1048576K
Event: 11480.446 GC heap after
Heap after GC invocations=30 (full 5):
 PSYoungGen      total 481280K, used 0K [0x00000000e0000000, 0x0000000100000000, 0x0000000100000000)
  eden space 438272K, 0% used [0x00000000e0000000,0x00000000e0000000,0x00000000fac00000)
  from space 43008K, 0% used [0x00000000fac00000,0x00000000fac00000,0x00000000fd600000)
  to   space 43008K, 0% used [0x00000000fd600000,0x00000000fd600000,0x0000000100000000)
 ParOldGen       total 219648K, used 76942K [0x00000000a0000000, 0x00000000ad680000, 0x00000000e0000000)
  object space 219648K, 35% used [0x00000000a0000000,0x00000000a4b23ae0,0x00000000ad680000)
 Metaspace       used 121512K, capacity 127596K, committed 147776K, reserved 1177600K
  class space    used 15540K, capacity 16685K, committed 19560K, reserved 1048576K
}
Event: 13331.113 GC heap before
{Heap before GC invocations=31 (full 5):
 PSYoungGen      total 481280K, used 438272K [0x00000000e0000000, 0x0000000100000000, 0x0000000100000000)
  eden space 438272K, 100% used [0x00000000e0000000,0x00000000fac00000,0x00000000fac00000)
  from space 43008K, 0% used [0x00000000fac00000,0x00000000fac00000,0x00000000fd600000)
  to   space 43008K, 0% used [0x00000000fd600000,0x00000000fd600000,0x0000000100000000)
 ParOldGen       total 219648K, used 76942K [0x00000000a0000000, 0x00000000ad680000, 0x00000000e0000000)
  object space 219648K, 35% used [0x00000000a0000000,0x00000000a4b23ae0,0x00000000ad680000)
 Metaspace       used 128573K, capacity 135668K, committed 147776K, reserved 1177600K
  class space    used 16207K, capacity 17486K, committed 19560K, reserved 1048576K
Event: 13331.177 GC heap after
Heap after GC invocations=31 (full 5):
 PSYoungGen      total 467968K, used 17593K [0x00000000e0000000, 0x0000000100000000, 0x0000000100000000)
  eden space 424960K, 0% used [0x00000000e0000000,0x00000000e0000000,0x00000000f9f00000)
  from space 43008K, 40% used [0x00000000fd600000,0x00000000fe72e4c0,0x0000000100000000)
  to   space 49664K, 0% used [0x00000000f9f00000,0x00000000f9f00000,0x00000000fcf80000)
 ParOldGen       total 219648K, used 76950K [0x00000000a0000000, 0x00000000ad680000, 0x00000000e0000000)
  object space 219648K, 35% used [0x00000000a0000000,0x00000000a4b25ae0,0x00000000ad680000)
 Metaspace       used 128573K, capacity 135668K, committed 147776K, reserved 1177600K
  class space    used 16207K, capacity 17486K, committed 19560K, reserved 1048576K
}
Event: 13338.415 GC heap before
{Heap before GC invocations=32 (full 5):
 PSYoungGen      total 467968K, used 442553K [0x00000000e0000000, 0x0000000100000000, 0x0000000100000000)
  eden space 424960K, 100% used [0x00000000e0000000,0x00000000f9f00000,0x00000000f9f00000)
  from space 43008K, 40% used [0x00000000fd600000,0x00000000fe72e4c0,0x0000000100000000)
  to   space 49664K, 0% used [0x00000000f9f00000,0x00000000f9f00000,0x00000000fcf80000)
 ParOldGen       total 219648K, used 76950K [0x00000000a0000000, 0x00000000ad680000, 0x00000000e0000000)
  object space 219648K, 35% used [0x00000000a0000000,0x00000000a4b25ae0,0x00000000ad680000)
 Metaspace       used 137962K, capacity 146188K, committed 147776K, reserved 1177600K
  class space    used 17532K, capacity 19012K, committed 19560K, reserved 1048576K
Event: 13338.454 GC heap after
Heap after GC invocations=32 (full 5):
 PSYoungGen      total 457216K, used 31908K [0x00000000e0000000, 0x0000000100000000, 0x0000000100000000)
  eden space 424960K, 0% used [0x00000000e0000000,0x00000000e0000000,0x00000000f9f00000)
  from space 32256K, 98% used [0x00000000f9f00000,0x00000000fbe290f8,0x00000000fbe80000)
  to   space 50176K, 0% used [0x00000000fcf00000,0x00000000fcf00000,0x0000000100000000)
 ParOldGen       total 219648K, used 76958K [0x00000000a0000000, 0x00000000ad680000, 0x00000000e0000000)
  object space 219648K, 35% used [0x00000000a0000000,0x00000000a4b27ae0,0x00000000ad680000)
 Metaspace       used 137962K, capacity 146188K, committed 147776K, reserved 1177600K
  class space    used 17532K, capacity 19012K, committed 19560K, reserved 1048576K
}
Event: 13340.966 GC heap before
{Heap before GC invocations=33 (full 5):
 PSYoungGen      total 457216K, used 456868K [0x00000000e0000000, 0x0000000100000000, 0x0000000100000000)
  eden space 424960K, 100% used [0x00000000e0000000,0x00000000f9f00000,0x00000000f9f00000)
  from space 32256K, 98% used [0x00000000f9f00000,0x00000000fbe290f8,0x00000000fbe80000)
  to   space 50176K, 0% used [0x00000000fcf00000,0x00000000fcf00000,0x0000000100000000)
 ParOldGen       total 219648K, used 76958K [0x00000000a0000000, 0x00000000ad680000, 0x00000000e0000000)
  object space 219648K, 35% used [0x00000000a0000000,0x00000000a4b27ae0,0x00000000ad680000)
 Metaspace       used 138725K, capacity 146960K, committed 148544K, reserved 1177600K
  class space    used 17560K, capacity 19030K, committed 19560K, reserved 1048576K
Event: 13340.991 GC heap after
Heap after GC invocations=33 (full 5):
 PSYoungGen      total 476160K, used 24475K [0x00000000e0000000, 0x0000000100000000, 0x0000000100000000)
  eden space 425984K, 0% used [0x00000000e0000000,0x00000000e0000000,0x00000000fa000000)
  from space 50176K, 48% used [0x00000000fcf00000,0x00000000fe6e6fb0,0x0000000100000000)
  to   space 48128K, 0% used [0x00000000fa000000,0x00000000fa000000,0x00000000fcf00000)
 ParOldGen       total 219648K, used 76966K [0x00000000a0000000, 0x00000000ad680000, 0x00000000e0000000)
  object space 219648K, 35% used [0x00000000a0000000,0x00000000a4b29ae0,0x00000000ad680000)
 Metaspace       used 138725K, capacity 146960K, committed 148544K, reserved 1177600K
  class space    used 17560K, capacity 19030K, committed 19560K, reserved 1048576K
}

Deoptimization events (10 events):
Event: 13341.544 Thread 0x000000001b24f800 Uncommon trap: reason=predicate action=maybe_recompile pc=0x0000000006e158e0 method=java.util.TimSort.mergeLo(IIII)V @ 153
Event: 13341.786 Thread 0x000000001b24f800 Uncommon trap: reason=unstable_if action=reinterpret pc=0x0000000003a543e8 method=java.util.Arrays.equals([Ljava/lang/Object;[Ljava/lang/Object;)Z @ 47
Event: 13342.102 Thread 0x000000001b24f000 Uncommon trap: reason=unstable_if action=reinterpret pc=0x0000000004491dfc method=java.lang.Long.numberOfTrailingZeros(J)I @ 3
Event: 13342.431 Thread 0x000000001b255000 Uncommon trap: reason=class_check action=maybe_recompile pc=0x0000000003e88108 method=org.gradle.api.internal.artifacts.ivyservice.resolveengine.artifact.CompositeResolvedArtifactSet.of(Ljava/util/Collection;)Lorg/gradle/api/internal/artifacts/ivyservice/
Event: 13342.613 Thread 0x000000001b255000 Uncommon trap: reason=unstable_if action=reinterpret pc=0x00000000049e1bf4 method=java.io.ObjectOutputStream$BlockDataOutputStream.writeBytes(Ljava/lang/String;)V @ 62
Event: 13343.039 Thread 0x000000001b0ca800 Uncommon trap: reason=class_check action=maybe_recompile pc=0x0000000006c0b804 method=java.io.BufferedOutputStream.write([BII)V @ 20
Event: 13343.040 Thread 0x000000001b0ca800 Uncommon trap: reason=class_check action=maybe_recompile pc=0x0000000006c0b804 method=java.io.BufferedOutputStream.write([BII)V @ 20
Event: 13343.041 Thread 0x000000001b0ca800 Uncommon trap: reason=class_check action=maybe_recompile pc=0x0000000006c0b804 method=java.io.BufferedOutputStream.write([BII)V @ 20
Event: 13343.043 Thread 0x000000001b0ca800 Uncommon trap: reason=class_check action=maybe_recompile pc=0x0000000006c0b804 method=java.io.BufferedOutputStream.write([BII)V @ 20
Event: 13343.082 Thread 0x000000001b24c800 Uncommon trap: reason=class_check action=maybe_recompile pc=0x00000000079db8b8 method=com.android.tools.r8.ir.conversion.U.a(Lcom/android/tools/r8/ir/conversion/T;)Z @ 4

Classes redefined (0 events):
No events

Internal exceptions (10 events):
Event: 13338.510 Thread 0x000000001f32b000 Exception <a 'sun/nio/fs/WindowsException'> (0x00000000e09b7f98) thrown at [D:\src\AOSP-openjdk-cygwin\jdk8u\hotspot\src\share\vm\prims\jni.cpp, line 710]
Event: 13338.635 Thread 0x000000001f32b000 Exception <a 'sun/nio/fs/WindowsException'> (0x00000000e1c303e8) thrown at [D:\src\AOSP-openjdk-cygwin\jdk8u\hotspot\src\share\vm\prims\jni.cpp, line 710]
Event: 13340.262 Thread 0x000000001b24c000 Exception <a 'sun/nio/fs/WindowsException'> (0x00000000f28e32a0) thrown at [D:\src\AOSP-openjdk-cygwin\jdk8u\hotspot\src\share\vm\prims\jni.cpp, line 710]
Event: 13341.892 Thread 0x000000001b24f800 Exception <a 'sun/nio/fs/WindowsException'> (0x00000000ecc41480) thrown at [D:\src\AOSP-openjdk-cygwin\jdk8u\hotspot\src\share\vm\prims\jni.cpp, line 710]
Event: 13341.985 Thread 0x000000001b24b000 Exception <a 'sun/nio/fs/WindowsException'> (0x00000000ee9ccc38) thrown at [D:\src\AOSP-openjdk-cygwin\jdk8u\hotspot\src\share\vm\prims\jni.cpp, line 710]
Event: 13342.108 Thread 0x000000001b24f000 Exception <a 'sun/nio/fs/WindowsException'> (0x00000000efbc7dc0) thrown at [D:\src\AOSP-openjdk-cygwin\jdk8u\hotspot\src\share\vm\prims\jni.cpp, line 710]
Event: 13342.529 Thread 0x000000001b255000 Exception <a 'java/lang/NoSuchMethodError': <clinit>> (0x00000000f1229288) thrown at [D:\src\AOSP-openjdk-cygwin\jdk8u\hotspot\src\share\vm\prims\jni.cpp, line 1614]
Event: 13342.635 Thread 0x000000001b255000 Exception <a 'java/lang/NoSuchMethodError': <clinit>> (0x00000000f1242560) thrown at [D:\src\AOSP-openjdk-cygwin\jdk8u\hotspot\src\share\vm\prims\jni.cpp, line 1614]
Event: 13342.637 Thread 0x000000001b255000 Exception <a 'java/lang/NoSuchMethodError': <clinit>> (0x00000000f125a970) thrown at [D:\src\AOSP-openjdk-cygwin\jdk8u\hotspot\src\share\vm\prims\jni.cpp, line 1614]
Event: 13342.658 Thread 0x000000001b255000 Exception <a 'java/lang/NoSuchMethodError': <clinit>> (0x00000000f128b2e0) thrown at [D:\src\AOSP-openjdk-cygwin\jdk8u\hotspot\src\share\vm\prims\jni.cpp, line 1614]

Events (10 events):
Event: 13344.094 Thread 0x000000001855b800 flushing nmethod 0x00000000031d4f90
Event: 13344.096 Thread 0x000000001855b800 flushing nmethod 0x0000000003208190
Event: 13344.096 Thread 0x000000001855b800 flushing nmethod 0x0000000003209ed0
Event: 13344.102 Thread 0x000000001855b800 flushing nmethod 0x000000000329cd50
Event: 13344.102 Thread 0x000000001855b800 flushing nmethod 0x000000000329dd50
Event: 13344.102 Thread 0x000000001855b800 flushing nmethod 0x000000000329e250
Event: 13344.102 Thread 0x000000001855b800 flushing nmethod 0x000000000329f090
Event: 13344.188 Thread 0x000000001855b800 flushing nmethod 0x00000000034180d0
Event: 13344.188 Thread 0x000000001855b800 flushing nmethod 0x000000000342a0d0
Event: 13344.216 Thread 0x000000001855b800 flushing nmethod 0x0000000003750f50


Dynamic libraries:
0x00007ff7a9e20000 - 0x00007ff7a9e51000 	C:\Program Files\Android\Android Studio\jre\bin\java.exe
0x00007ffaa1440000 - 0x00007ffaa1630000 	C:\WINDOWS\SYSTEM32\ntdll.dll
0x00007ffa9f870000 - 0x00007ffa9f922000 	C:\WINDOWS\System32\KERNEL32.DLL
0x00007ffa9ea70000 - 0x00007ffa9ed13000 	C:\WINDOWS\System32\KERNELBASE.dll
0x00007ffaa12e0000 - 0x00007ffaa1383000 	C:\WINDOWS\System32\ADVAPI32.dll
0x00007ffa9f630000 - 0x00007ffa9f6ce000 	C:\WINDOWS\System32\msvcrt.dll
0x00007ffaa0d40000 - 0x00007ffaa0dd7000 	C:\WINDOWS\System32\sechost.dll
0x00007ffaa0c20000 - 0x00007ffaa0d40000 	C:\WINDOWS\System32\RPCRT4.dll
0x00007ffa9f6d0000 - 0x00007ffa9f864000 	C:\WINDOWS\System32\USER32.dll
0x00007ffa9e6f0000 - 0x00007ffa9e711000 	C:\WINDOWS\System32\win32u.dll
0x00007ffa9f930000 - 0x00007ffa9f956000 	C:\WINDOWS\System32\GDI32.dll
0x00007ffa9e820000 - 0x00007ffa9e9b4000 	C:\WINDOWS\System32\gdi32full.dll
0x00007ffa9e3d0000 - 0x00007ffa9e46e000 	C:\WINDOWS\System32\msvcp_win.dll
0x00007ffa9e720000 - 0x00007ffa9e81a000 	C:\WINDOWS\System32\ucrtbase.dll
0x00007ffa73090000 - 0x00007ffa73315000 	C:\WINDOWS\WinSxS\amd64_microsoft.windows.common-controls_6595b64144ccf1df_6.0.18362.778_none_e6c6b761130d4fb8\COMCTL32.dll
0x00007ffaa0f10000 - 0x00007ffaa1246000 	C:\WINDOWS\System32\combase.dll
0x00007ffa9e470000 - 0x00007ffa9e4f0000 	C:\WINDOWS\System32\bcryptPrimitives.dll
0x00007ffa9f960000 - 0x00007ffa9f98e000 	C:\WINDOWS\System32\IMM32.DLL
0x0000000068c00000 - 0x0000000068cd2000 	C:\Program Files\Android\Android Studio\jre\jre\bin\msvcr100.dll
0x0000000068ce0000 - 0x0000000069526000 	C:\Program Files\Android\Android Studio\jre\jre\bin\server\jvm.dll
0x00007ffa9ff80000 - 0x00007ffa9ff88000 	C:\WINDOWS\System32\PSAPI.DLL
0x00007ffa9a610000 - 0x00007ffa9a619000 	C:\WINDOWS\SYSTEM32\WSOCK32.dll
0x00007ffaa1390000 - 0x00007ffaa13ff000 	C:\WINDOWS\System32\WS2_32.dll
0x00007ffa7fcc0000 - 0x00007ffa7fce4000 	C:\WINDOWS\SYSTEM32\WINMM.dll
0x00007ffa99100000 - 0x00007ffa9910a000 	C:\WINDOWS\SYSTEM32\VERSION.dll
0x00007ffa7fc90000 - 0x00007ffa7fcbd000 	C:\WINDOWS\SYSTEM32\WINMMBASE.dll
0x00007ffa9ed20000 - 0x00007ffa9ed6a000 	C:\WINDOWS\System32\cfgmgr32.dll
0x00007ffa9a600000 - 0x00007ffa9a60f000 	C:\Program Files\Android\Android Studio\jre\jre\bin\verify.dll
0x00007ffa98870000 - 0x00007ffa98899000 	C:\Program Files\Android\Android Studio\jre\jre\bin\java.dll
0x00007ffa98a40000 - 0x00007ffa98a56000 	C:\Program Files\Android\Android Studio\jre\jre\bin\zip.dll
0x00007ffaa01c0000 - 0x00007ffaa08a5000 	C:\WINDOWS\System32\SHELL32.dll
0x00007ffa9f580000 - 0x00007ffa9f629000 	C:\WINDOWS\System32\shcore.dll
0x00007ffa9ed70000 - 0x00007ffa9f4f0000 	C:\WINDOWS\System32\windows.storage.dll
0x00007ffa9e350000 - 0x00007ffa9e373000 	C:\WINDOWS\System32\profapi.dll
0x00007ffa9e380000 - 0x00007ffa9e3ca000 	C:\WINDOWS\System32\powrprof.dll
0x00007ffa9e300000 - 0x00007ffa9e310000 	C:\WINDOWS\System32\UMPDC.dll
0x00007ffa9f520000 - 0x00007ffa9f572000 	C:\WINDOWS\System32\shlwapi.dll
0x00007ffa9e310000 - 0x00007ffa9e321000 	C:\WINDOWS\System32\kernel.appcore.dll
0x00007ffa9e580000 - 0x00007ffa9e597000 	C:\WINDOWS\System32\cryptsp.dll
0x00007ffa79280000 - 0x00007ffa7929a000 	C:\Program Files\Android\Android Studio\jre\jre\bin\net.dll
0x00007ffa9db10000 - 0x00007ffa9db77000 	C:\WINDOWS\system32\mswsock.dll
0x00007ffa78e80000 - 0x00007ffa78e91000 	C:\Program Files\Android\Android Studio\jre\jre\bin\nio.dll
0x00007ffa70250000 - 0x00007ffa70276000 	C:\Users\Kaharman\.gradle\native\29\windows-amd64\native-platform.dll
0x00007ffa99fe0000 - 0x00007ffa99fed000 	C:\Program Files\Android\Android Studio\jre\jre\bin\management.dll
0x00007ffa9d680000 - 0x00007ffa9d6b3000 	C:\WINDOWS\system32\rsaenh.dll
0x00007ffa9e550000 - 0x00007ffa9e576000 	C:\WINDOWS\System32\bcrypt.dll
0x00007ffa9e1f0000 - 0x00007ffa9e215000 	C:\WINDOWS\SYSTEM32\USERENV.dll
0x00007ffa9dce0000 - 0x00007ffa9dcec000 	C:\WINDOWS\SYSTEM32\CRYPTBASE.dll
0x00007ffa9d820000 - 0x00007ffa9d85a000 	C:\WINDOWS\SYSTEM32\IPHLPAPI.DLL
0x00007ffaa12d0000 - 0x00007ffaa12d8000 	C:\WINDOWS\System32\NSI.dll
0x00007ffa98260000 - 0x00007ffa98276000 	C:\WINDOWS\SYSTEM32\dhcpcsvc6.DLL
0x00007ffa99140000 - 0x00007ffa9915c000 	C:\WINDOWS\SYSTEM32\dhcpcsvc.DLL
0x00007ffa9d860000 - 0x00007ffa9d92a000 	C:\WINDOWS\SYSTEM32\DNSAPI.dll

VM Arguments:
jvm_args: -Xmx1536m -Dfile.encoding=windows-1251 -Duser.country=RU -Duser.language=ru -Duser.variant 
java_command: org.gradle.launcher.daemon.bootstrap.GradleDaemon 5.4.1
java_class_path (initial): C:\Users\Kaharman\.gradle\wrapper\dists\gradle-5.4.1-all\3221gyojl5jsh0helicew7rwx\gradle-5.4.1\lib\gradle-launcher-5.4.1.jar
Launcher Type: SUN_STANDARD

Environment Variables:
PATH=C:\Program Files\Microsoft MPI\Bin\;C:\WINDOWS\system32;C:\WINDOWS;C:\WINDOWS\System32\Wbem;C:\WINDOWS\System32\WindowsPowerShell\v1.0\;C:\WINDOWS\System32\OpenSSH\;C:\Program Files (x86)\ATI Technologies\ATI.ACE\Core-Static;C:\Program Files\nodejs\;C:\Program Files (x86)\Microsoft SQL Server\140\Tools\Binn\;C:\Program Files\Microsoft SQL Server\140\Tools\Binn\;C:\Program Files (x86)\Microsoft SQL Server\140\DTS\Binn\;C:\Program Files\Microsoft SQL Server\140\DTS\Binn\;C:\Program Files\Microsoft SQL Server\Client SDK\ODBC\130\Tools\Binn\;C:\Program Files (x86)\Microsoft SQL Server\150\DTS\Binn\;C:\Program Files\Git\cmd;C:\Users\Kaharman\AppData\Local\Microsoft\WindowsApps;C:\Users\Kaharman\AppData\Roaming\npm;C:\Users\Kaharman\AppData\Local\Programs\Microsoft VS Code\bin
USERNAME=Kaharman
OS=Windows_NT
PROCESSOR_IDENTIFIER=Intel64 Family 6 Model 58 Stepping 9, GenuineIntel



---------------  S Y S T E M  ---------------

OS: Windows 10.0 , 64 bit Build 18362 (10.0.18362.778)

CPU:total 8 (initial active 8) (4 cores per cpu, 2 threads per core) family 6 model 58 stepping 9, cmov, cx8, fxsr, mmx, sse, sse2, sse3, ssse3, sse4.1, sse4.2, popcnt, avx, aes, clmul, erms, ht, tsc, tscinvbit, tscinv

Memory: 4k page, physical 8277472k(367168k free), swap 33443296k(9688k free)

vm_info: OpenJDK 64-Bit Server VM (25.202-b03) for windows-amd64 JRE (1.8.0_202-release-1483-b03), built by "builder" with MS VC++ 10.0 (VS2010)

time: Tue May 12 20:03:09 2020
timezone: Центральная Азия (зима)
elapsed time: 13344 seconds (0d 3h 42m 24s)

